CRITICAL - 2020-11-13 11:55:29 --> Invalid file: header.php
#0 /home/alan/public_html/alansbox/vendor/codeigniter4/framework/system/View/View.php(228): CodeIgniter\Exceptions\FrameworkException::forInvalidFile()
#1 /home/alan/public_html/alansbox/vendor/codeigniter4/framework/system/Common.php(1119): CodeIgniter\View\View->render()
#2 /home/alan/public_html/alansbox/app/Controllers/Landing.php(7): view()
#3 /home/alan/public_html/alansbox/vendor/codeigniter4/framework/system/CodeIgniter.php(918): App\Controllers\Landing->index()
#4 /home/alan/public_html/alansbox/vendor/codeigniter4/framework/system/CodeIgniter.php(404): CodeIgniter\CodeIgniter->runController()
#5 /home/alan/public_html/alansbox/vendor/codeigniter4/framework/system/CodeIgniter.php(312): CodeIgniter\CodeIgniter->handleRequest()
#6 /home/alan/public_html/alansbox/public/index.php(45): CodeIgniter\CodeIgniter->run()
#7 /home/alan/public_html/alansbox/vendor/codeigniter4/framework/system/Commands/Server/rewrite.php(34): require_once('/home/alan/publ...')
#8 {main}
CRITICAL - 2020-11-13 11:55:30 --> Invalid file: header.php
#0 /home/alan/public_html/alansbox/vendor/codeigniter4/framework/system/View/View.php(228): CodeIgniter\Exceptions\FrameworkException::forInvalidFile()
#1 /home/alan/public_html/alansbox/vendor/codeigniter4/framework/system/Common.php(1119): CodeIgniter\View\View->render()
#2 /home/alan/public_html/alansbox/app/Controllers/Landing.php(7): view()
#3 /home/alan/public_html/alansbox/vendor/codeigniter4/framework/system/CodeIgniter.php(918): App\Controllers\Landing->index()
#4 /home/alan/public_html/alansbox/vendor/codeigniter4/framework/system/CodeIgniter.php(404): CodeIgniter\CodeIgniter->runController()
#5 /home/alan/public_html/alansbox/vendor/codeigniter4/framework/system/CodeIgniter.php(312): CodeIgniter\CodeIgniter->handleRequest()
#6 /home/alan/public_html/alansbox/public/index.php(45): CodeIgniter\CodeIgniter->run()
#7 /home/alan/public_html/alansbox/vendor/codeigniter4/framework/system/Commands/Server/rewrite.php(34): require_once('/home/alan/publ...')
#8 {main}
CRITICAL - 2020-11-13 11:55:30 --> Invalid file: header.php
#0 /home/alan/public_html/alansbox/vendor/codeigniter4/framework/system/View/View.php(228): CodeIgniter\Exceptions\FrameworkException::forInvalidFile()
#1 /home/alan/public_html/alansbox/vendor/codeigniter4/framework/system/Common.php(1119): CodeIgniter\View\View->render()
#2 /home/alan/public_html/alansbox/app/Controllers/Landing.php(7): view()
#3 /home/alan/public_html/alansbox/vendor/codeigniter4/framework/system/CodeIgniter.php(918): App\Controllers\Landing->index()
#4 /home/alan/public_html/alansbox/vendor/codeigniter4/framework/system/CodeIgniter.php(404): CodeIgniter\CodeIgniter->runController()
#5 /home/alan/public_html/alansbox/vendor/codeigniter4/framework/system/CodeIgniter.php(312): CodeIgniter\CodeIgniter->handleRequest()
#6 /home/alan/public_html/alansbox/public/index.php(45): CodeIgniter\CodeIgniter->run()
#7 /home/alan/public_html/alansbox/vendor/codeigniter4/framework/system/Commands/Server/rewrite.php(34): require_once('/home/alan/publ...')
#8 {main}
CRITICAL - 2020-11-13 11:55:30 --> Invalid file: header.php
#0 /home/alan/public_html/alansbox/vendor/codeigniter4/framework/system/View/View.php(228): CodeIgniter\Exceptions\FrameworkException::forInvalidFile()
#1 /home/alan/public_html/alansbox/vendor/codeigniter4/framework/system/Common.php(1119): CodeIgniter\View\View->render()
#2 /home/alan/public_html/alansbox/app/Controllers/Landing.php(7): view()
#3 /home/alan/public_html/alansbox/vendor/codeigniter4/framework/system/CodeIgniter.php(918): App\Controllers\Landing->index()
#4 /home/alan/public_html/alansbox/vendor/codeigniter4/framework/system/CodeIgniter.php(404): CodeIgniter\CodeIgniter->runController()
#5 /home/alan/public_html/alansbox/vendor/codeigniter4/framework/system/CodeIgniter.php(312): CodeIgniter\CodeIgniter->handleRequest()
#6 /home/alan/public_html/alansbox/public/index.php(45): CodeIgniter\CodeIgniter->run()
#7 /home/alan/public_html/alansbox/vendor/codeigniter4/framework/system/Commands/Server/rewrite.php(34): require_once('/home/alan/publ...')
#8 {main}
CRITICAL - 2020-11-13 11:55:31 --> Invalid file: header.php
#0 /home/alan/public_html/alansbox/vendor/codeigniter4/framework/system/View/View.php(228): CodeIgniter\Exceptions\FrameworkException::forInvalidFile()
#1 /home/alan/public_html/alansbox/vendor/codeigniter4/framework/system/Common.php(1119): CodeIgniter\View\View->render()
#2 /home/alan/public_html/alansbox/app/Controllers/Landing.php(7): view()
#3 /home/alan/public_html/alansbox/vendor/codeigniter4/framework/system/CodeIgniter.php(918): App\Controllers\Landing->index()
#4 /home/alan/public_html/alansbox/vendor/codeigniter4/framework/system/CodeIgniter.php(404): CodeIgniter\CodeIgniter->runController()
#5 /home/alan/public_html/alansbox/vendor/codeigniter4/framework/system/CodeIgniter.php(312): CodeIgniter\CodeIgniter->handleRequest()
#6 /home/alan/public_html/alansbox/public/index.php(45): CodeIgniter\CodeIgniter->run()
#7 /home/alan/public_html/alansbox/vendor/codeigniter4/framework/system/Commands/Server/rewrite.php(34): require_once('/home/alan/publ...')
#8 {main}
CRITICAL - 2020-11-13 11:55:56 --> Invalid file: header.php
#0 /home/alan/public_html/alansbox/vendor/codeigniter4/framework/system/View/View.php(228): CodeIgniter\Exceptions\FrameworkException::forInvalidFile()
#1 /home/alan/public_html/alansbox/vendor/codeigniter4/framework/system/Common.php(1119): CodeIgniter\View\View->render()
#2 /home/alan/public_html/alansbox/app/Controllers/Landing.php(7): view()
#3 /home/alan/public_html/alansbox/vendor/codeigniter4/framework/system/CodeIgniter.php(918): App\Controllers\Landing->index()
#4 /home/alan/public_html/alansbox/vendor/codeigniter4/framework/system/CodeIgniter.php(404): CodeIgniter\CodeIgniter->runController()
#5 /home/alan/public_html/alansbox/vendor/codeigniter4/framework/system/CodeIgniter.php(312): CodeIgniter\CodeIgniter->handleRequest()
#6 /home/alan/public_html/alansbox/public/index.php(45): CodeIgniter\CodeIgniter->run()
#7 /home/alan/public_html/alansbox/vendor/codeigniter4/framework/system/Commands/Server/rewrite.php(34): require_once('/home/alan/publ...')
#8 {main}
CRITICAL - 2020-11-13 11:55:57 --> Invalid file: header.php
#0 /home/alan/public_html/alansbox/vendor/codeigniter4/framework/system/View/View.php(228): CodeIgniter\Exceptions\FrameworkException::forInvalidFile()
#1 /home/alan/public_html/alansbox/vendor/codeigniter4/framework/system/Common.php(1119): CodeIgniter\View\View->render()
#2 /home/alan/public_html/alansbox/app/Controllers/Landing.php(7): view()
#3 /home/alan/public_html/alansbox/vendor/codeigniter4/framework/system/CodeIgniter.php(918): App\Controllers\Landing->index()
#4 /home/alan/public_html/alansbox/vendor/codeigniter4/framework/system/CodeIgniter.php(404): CodeIgniter\CodeIgniter->runController()
#5 /home/alan/public_html/alansbox/vendor/codeigniter4/framework/system/CodeIgniter.php(312): CodeIgniter\CodeIgniter->handleRequest()
#6 /home/alan/public_html/alansbox/public/index.php(45): CodeIgniter\CodeIgniter->run()
#7 /home/alan/public_html/alansbox/vendor/codeigniter4/framework/system/Commands/Server/rewrite.php(34): require_once('/home/alan/publ...')
#8 {main}
CRITICAL - 2020-11-13 11:55:57 --> Invalid file: header.php
#0 /home/alan/public_html/alansbox/vendor/codeigniter4/framework/system/View/View.php(228): CodeIgniter\Exceptions\FrameworkException::forInvalidFile()
#1 /home/alan/public_html/alansbox/vendor/codeigniter4/framework/system/Common.php(1119): CodeIgniter\View\View->render()
#2 /home/alan/public_html/alansbox/app/Controllers/Landing.php(7): view()
#3 /home/alan/public_html/alansbox/vendor/codeigniter4/framework/system/CodeIgniter.php(918): App\Controllers\Landing->index()
#4 /home/alan/public_html/alansbox/vendor/codeigniter4/framework/system/CodeIgniter.php(404): CodeIgniter\CodeIgniter->runController()
#5 /home/alan/public_html/alansbox/vendor/codeigniter4/framework/system/CodeIgniter.php(312): CodeIgniter\CodeIgniter->handleRequest()
#6 /home/alan/public_html/alansbox/public/index.php(45): CodeIgniter\CodeIgniter->run()
#7 /home/alan/public_html/alansbox/vendor/codeigniter4/framework/system/Commands/Server/rewrite.php(34): require_once('/home/alan/publ...')
#8 {main}
CRITICAL - 2020-11-13 11:55:57 --> Invalid file: header.php
#0 /home/alan/public_html/alansbox/vendor/codeigniter4/framework/system/View/View.php(228): CodeIgniter\Exceptions\FrameworkException::forInvalidFile()
#1 /home/alan/public_html/alansbox/vendor/codeigniter4/framework/system/Common.php(1119): CodeIgniter\View\View->render()
#2 /home/alan/public_html/alansbox/app/Controllers/Landing.php(7): view()
#3 /home/alan/public_html/alansbox/vendor/codeigniter4/framework/system/CodeIgniter.php(918): App\Controllers\Landing->index()
#4 /home/alan/public_html/alansbox/vendor/codeigniter4/framework/system/CodeIgniter.php(404): CodeIgniter\CodeIgniter->runController()
#5 /home/alan/public_html/alansbox/vendor/codeigniter4/framework/system/CodeIgniter.php(312): CodeIgniter\CodeIgniter->handleRequest()
#6 /home/alan/public_html/alansbox/public/index.php(45): CodeIgniter\CodeIgniter->run()
#7 /home/alan/public_html/alansbox/vendor/codeigniter4/framework/system/Commands/Server/rewrite.php(34): require_once('/home/alan/publ...')
#8 {main}
CRITICAL - 2020-11-13 11:55:57 --> Invalid file: header.php
#0 /home/alan/public_html/alansbox/vendor/codeigniter4/framework/system/View/View.php(228): CodeIgniter\Exceptions\FrameworkException::forInvalidFile()
#1 /home/alan/public_html/alansbox/vendor/codeigniter4/framework/system/Common.php(1119): CodeIgniter\View\View->render()
#2 /home/alan/public_html/alansbox/app/Controllers/Landing.php(7): view()
#3 /home/alan/public_html/alansbox/vendor/codeigniter4/framework/system/CodeIgniter.php(918): App\Controllers\Landing->index()
#4 /home/alan/public_html/alansbox/vendor/codeigniter4/framework/system/CodeIgniter.php(404): CodeIgniter\CodeIgniter->runController()
#5 /home/alan/public_html/alansbox/vendor/codeigniter4/framework/system/CodeIgniter.php(312): CodeIgniter\CodeIgniter->handleRequest()
#6 /home/alan/public_html/alansbox/public/index.php(45): CodeIgniter\CodeIgniter->run()
#7 /home/alan/public_html/alansbox/vendor/codeigniter4/framework/system/Commands/Server/rewrite.php(34): require_once('/home/alan/publ...')
#8 {main}
CRITICAL - 2020-11-13 11:56:06 --> Invalid file: header.php
#0 /home/alan/public_html/alansbox/vendor/codeigniter4/framework/system/View/View.php(228): CodeIgniter\Exceptions\FrameworkException::forInvalidFile()
#1 /home/alan/public_html/alansbox/vendor/codeigniter4/framework/system/Common.php(1119): CodeIgniter\View\View->render()
#2 /home/alan/public_html/alansbox/app/Controllers/Landing.php(7): view()
#3 /home/alan/public_html/alansbox/vendor/codeigniter4/framework/system/CodeIgniter.php(918): App\Controllers\Landing->index()
#4 /home/alan/public_html/alansbox/vendor/codeigniter4/framework/system/CodeIgniter.php(404): CodeIgniter\CodeIgniter->runController()
#5 /home/alan/public_html/alansbox/vendor/codeigniter4/framework/system/CodeIgniter.php(312): CodeIgniter\CodeIgniter->handleRequest()
#6 /home/alan/public_html/alansbox/public/index.php(45): CodeIgniter\CodeIgniter->run()
#7 /home/alan/public_html/alansbox/vendor/codeigniter4/framework/system/Commands/Server/rewrite.php(34): require_once('/home/alan/publ...')
#8 {main}
CRITICAL - 2020-11-13 11:56:06 --> Invalid file: header.php
#0 /home/alan/public_html/alansbox/vendor/codeigniter4/framework/system/View/View.php(228): CodeIgniter\Exceptions\FrameworkException::forInvalidFile()
#1 /home/alan/public_html/alansbox/vendor/codeigniter4/framework/system/Common.php(1119): CodeIgniter\View\View->render()
#2 /home/alan/public_html/alansbox/app/Controllers/Landing.php(7): view()
#3 /home/alan/public_html/alansbox/vendor/codeigniter4/framework/system/CodeIgniter.php(918): App\Controllers\Landing->index()
#4 /home/alan/public_html/alansbox/vendor/codeigniter4/framework/system/CodeIgniter.php(404): CodeIgniter\CodeIgniter->runController()
#5 /home/alan/public_html/alansbox/vendor/codeigniter4/framework/system/CodeIgniter.php(312): CodeIgniter\CodeIgniter->handleRequest()
#6 /home/alan/public_html/alansbox/public/index.php(45): CodeIgniter\CodeIgniter->run()
#7 /home/alan/public_html/alansbox/vendor/codeigniter4/framework/system/Commands/Server/rewrite.php(34): require_once('/home/alan/publ...')
#8 {main}
CRITICAL - 2020-11-13 11:56:06 --> Invalid file: header.php
#0 /home/alan/public_html/alansbox/vendor/codeigniter4/framework/system/View/View.php(228): CodeIgniter\Exceptions\FrameworkException::forInvalidFile()
#1 /home/alan/public_html/alansbox/vendor/codeigniter4/framework/system/Common.php(1119): CodeIgniter\View\View->render()
#2 /home/alan/public_html/alansbox/app/Controllers/Landing.php(7): view()
#3 /home/alan/public_html/alansbox/vendor/codeigniter4/framework/system/CodeIgniter.php(918): App\Controllers\Landing->index()
#4 /home/alan/public_html/alansbox/vendor/codeigniter4/framework/system/CodeIgniter.php(404): CodeIgniter\CodeIgniter->runController()
#5 /home/alan/public_html/alansbox/vendor/codeigniter4/framework/system/CodeIgniter.php(312): CodeIgniter\CodeIgniter->handleRequest()
#6 /home/alan/public_html/alansbox/public/index.php(45): CodeIgniter\CodeIgniter->run()
#7 /home/alan/public_html/alansbox/vendor/codeigniter4/framework/system/Commands/Server/rewrite.php(34): require_once('/home/alan/publ...')
#8 {main}
CRITICAL - 2020-11-13 11:56:07 --> Invalid file: header.php
#0 /home/alan/public_html/alansbox/vendor/codeigniter4/framework/system/View/View.php(228): CodeIgniter\Exceptions\FrameworkException::forInvalidFile()
#1 /home/alan/public_html/alansbox/vendor/codeigniter4/framework/system/Common.php(1119): CodeIgniter\View\View->render()
#2 /home/alan/public_html/alansbox/app/Controllers/Landing.php(7): view()
#3 /home/alan/public_html/alansbox/vendor/codeigniter4/framework/system/CodeIgniter.php(918): App\Controllers\Landing->index()
#4 /home/alan/public_html/alansbox/vendor/codeigniter4/framework/system/CodeIgniter.php(404): CodeIgniter\CodeIgniter->runController()
#5 /home/alan/public_html/alansbox/vendor/codeigniter4/framework/system/CodeIgniter.php(312): CodeIgniter\CodeIgniter->handleRequest()
#6 /home/alan/public_html/alansbox/public/index.php(45): CodeIgniter\CodeIgniter->run()
#7 /home/alan/public_html/alansbox/vendor/codeigniter4/framework/system/Commands/Server/rewrite.php(34): require_once('/home/alan/publ...')
#8 {main}
CRITICAL - 2020-11-13 11:56:07 --> Invalid file: header.php
#0 /home/alan/public_html/alansbox/vendor/codeigniter4/framework/system/View/View.php(228): CodeIgniter\Exceptions\FrameworkException::forInvalidFile()
#1 /home/alan/public_html/alansbox/vendor/codeigniter4/framework/system/Common.php(1119): CodeIgniter\View\View->render()
#2 /home/alan/public_html/alansbox/app/Controllers/Landing.php(7): view()
#3 /home/alan/public_html/alansbox/vendor/codeigniter4/framework/system/CodeIgniter.php(918): App\Controllers\Landing->index()
#4 /home/alan/public_html/alansbox/vendor/codeigniter4/framework/system/CodeIgniter.php(404): CodeIgniter\CodeIgniter->runController()
#5 /home/alan/public_html/alansbox/vendor/codeigniter4/framework/system/CodeIgniter.php(312): CodeIgniter\CodeIgniter->handleRequest()
#6 /home/alan/public_html/alansbox/public/index.php(45): CodeIgniter\CodeIgniter->run()
#7 /home/alan/public_html/alansbox/vendor/codeigniter4/framework/system/Commands/Server/rewrite.php(34): require_once('/home/alan/publ...')
#8 {main}
CRITICAL - 2020-11-13 11:56:07 --> Invalid file: header.php
#0 /home/alan/public_html/alansbox/vendor/codeigniter4/framework/system/View/View.php(228): CodeIgniter\Exceptions\FrameworkException::forInvalidFile()
#1 /home/alan/public_html/alansbox/vendor/codeigniter4/framework/system/Common.php(1119): CodeIgniter\View\View->render()
#2 /home/alan/public_html/alansbox/app/Controllers/Landing.php(7): view()
#3 /home/alan/public_html/alansbox/vendor/codeigniter4/framework/system/CodeIgniter.php(918): App\Controllers\Landing->index()
#4 /home/alan/public_html/alansbox/vendor/codeigniter4/framework/system/CodeIgniter.php(404): CodeIgniter\CodeIgniter->runController()
#5 /home/alan/public_html/alansbox/vendor/codeigniter4/framework/system/CodeIgniter.php(312): CodeIgniter\CodeIgniter->handleRequest()
#6 /home/alan/public_html/alansbox/public/index.php(45): CodeIgniter\CodeIgniter->run()
#7 /home/alan/public_html/alansbox/vendor/codeigniter4/framework/system/Commands/Server/rewrite.php(34): require_once('/home/alan/publ...')
#8 {main}
CRITICAL - 2020-11-13 11:56:07 --> Invalid file: header.php
#0 /home/alan/public_html/alansbox/vendor/codeigniter4/framework/system/View/View.php(228): CodeIgniter\Exceptions\FrameworkException::forInvalidFile()
#1 /home/alan/public_html/alansbox/vendor/codeigniter4/framework/system/Common.php(1119): CodeIgniter\View\View->render()
#2 /home/alan/public_html/alansbox/app/Controllers/Landing.php(7): view()
#3 /home/alan/public_html/alansbox/vendor/codeigniter4/framework/system/CodeIgniter.php(918): App\Controllers\Landing->index()
#4 /home/alan/public_html/alansbox/vendor/codeigniter4/framework/system/CodeIgniter.php(404): CodeIgniter\CodeIgniter->runController()
#5 /home/alan/public_html/alansbox/vendor/codeigniter4/framework/system/CodeIgniter.php(312): CodeIgniter\CodeIgniter->handleRequest()
#6 /home/alan/public_html/alansbox/public/index.php(45): CodeIgniter\CodeIgniter->run()
#7 /home/alan/public_html/alansbox/vendor/codeigniter4/framework/system/Commands/Server/rewrite.php(34): require_once('/home/alan/publ...')
#8 {main}
CRITICAL - 2020-11-13 11:56:07 --> Invalid file: header.php
#0 /home/alan/public_html/alansbox/vendor/codeigniter4/framework/system/View/View.php(228): CodeIgniter\Exceptions\FrameworkException::forInvalidFile()
#1 /home/alan/public_html/alansbox/vendor/codeigniter4/framework/system/Common.php(1119): CodeIgniter\View\View->render()
#2 /home/alan/public_html/alansbox/app/Controllers/Landing.php(7): view()
#3 /home/alan/public_html/alansbox/vendor/codeigniter4/framework/system/CodeIgniter.php(918): App\Controllers\Landing->index()
#4 /home/alan/public_html/alansbox/vendor/codeigniter4/framework/system/CodeIgniter.php(404): CodeIgniter\CodeIgniter->runController()
#5 /home/alan/public_html/alansbox/vendor/codeigniter4/framework/system/CodeIgniter.php(312): CodeIgniter\CodeIgniter->handleRequest()
#6 /home/alan/public_html/alansbox/public/index.php(45): CodeIgniter\CodeIgniter->run()
#7 /home/alan/public_html/alansbox/vendor/codeigniter4/framework/system/Commands/Server/rewrite.php(34): require_once('/home/alan/publ...')
#8 {main}
CRITICAL - 2020-11-13 11:56:08 --> Invalid file: header.php
#0 /home/alan/public_html/alansbox/vendor/codeigniter4/framework/system/View/View.php(228): CodeIgniter\Exceptions\FrameworkException::forInvalidFile()
#1 /home/alan/public_html/alansbox/vendor/codeigniter4/framework/system/Common.php(1119): CodeIgniter\View\View->render()
#2 /home/alan/public_html/alansbox/app/Controllers/Landing.php(7): view()
#3 /home/alan/public_html/alansbox/vendor/codeigniter4/framework/system/CodeIgniter.php(918): App\Controllers\Landing->index()
#4 /home/alan/public_html/alansbox/vendor/codeigniter4/framework/system/CodeIgniter.php(404): CodeIgniter\CodeIgniter->runController()
#5 /home/alan/public_html/alansbox/vendor/codeigniter4/framework/system/CodeIgniter.php(312): CodeIgniter\CodeIgniter->handleRequest()
#6 /home/alan/public_html/alansbox/public/index.php(45): CodeIgniter\CodeIgniter->run()
#7 /home/alan/public_html/alansbox/vendor/codeigniter4/framework/system/Commands/Server/rewrite.php(34): require_once('/home/alan/publ...')
#8 {main}
CRITICAL - 2020-11-13 11:56:08 --> Invalid file: header.php
#0 /home/alan/public_html/alansbox/vendor/codeigniter4/framework/system/View/View.php(228): CodeIgniter\Exceptions\FrameworkException::forInvalidFile()
#1 /home/alan/public_html/alansbox/vendor/codeigniter4/framework/system/Common.php(1119): CodeIgniter\View\View->render()
#2 /home/alan/public_html/alansbox/app/Controllers/Landing.php(7): view()
#3 /home/alan/public_html/alansbox/vendor/codeigniter4/framework/system/CodeIgniter.php(918): App\Controllers\Landing->index()
#4 /home/alan/public_html/alansbox/vendor/codeigniter4/framework/system/CodeIgniter.php(404): CodeIgniter\CodeIgniter->runController()
#5 /home/alan/public_html/alansbox/vendor/codeigniter4/framework/system/CodeIgniter.php(312): CodeIgniter\CodeIgniter->handleRequest()
#6 /home/alan/public_html/alansbox/public/index.php(45): CodeIgniter\CodeIgniter->run()
#7 /home/alan/public_html/alansbox/vendor/codeigniter4/framework/system/Commands/Server/rewrite.php(34): require_once('/home/alan/publ...')
#8 {main}
